Arguments: 
  C:\Program Files\nodejs\node.exe C:\Users\Joseph\AppData\Roaming\npm\node_modules\yarn\bin\yarn.js add express

PATH: 
  C:\ProgramData\Oracle\Java\javapath;C:\Program Files (x86)\Common Files\Intel\Shared Libraries\redist\intel64\compiler;C:\Windows\system32;C:\Windows;C:\Windows\System32\Wbem;C:\Windows\System32\WindowsPowerShell\v1.0\;C:\Program Files (x86)\NVIDIA Corporation\PhysX\Common;C:\WINDOWS\system32;C:\WINDOWS;C:\WINDOWS\System32\Wbem;C:\WINDOWS\System32\WindowsPowerShell\v1.0\;C:\Program Files (x86)\QuickTime\QTSystem\;C:\Program Files\Microsoft SQL Server\120\Tools\Binn\;C:\Program Files (x86)\GtkSharp\2.12\bin;C:\Program Files\dotnet\;C:\Program Files\Microsoft SQL Server\130\Tools\Binn\;C:\Program Files\Git\cmd;C:\Go\bin;C:\Program Files\Java\jdk1.8.0_131\bin;C:\Program Files\nodejs\;C:\Program Files (x86)\nodejs\;C:\Program Files\Java\jre1.8.0_151\bin;C:\Program Files\Java\jdk1.8.0_151\bin;C:\Users\Joseph\Anaconda3\Library\bin;C:\Users\Joseph\AppData\Local\.meteor;C:\Python34;C:\Python34\Lib;C:\Python34\Scripts;C:\Users\Joseph\.cargo\bin;C:\Program Files\erl9.2\bin;C:\Program Files (x86)\Elixir\bin;C:\Users\Joseph\.mix\escripts;C:\Program Files (x86)\Brackets\command;C:\ProgramData\chocolatey\bin;C:\lua-5.3.4;C:\Program Files\mingw-w64\x86_64-7.2.0-win32-seh-rt_v5-rev1;C:\Program Files\mingw-w64\x86_64-7.2.0-win32-seh-rt_v5-rev1\mingw64\bin;C:\Program Files\MongoDB\Server\3.6\bin;C:\Program Files (x86)\Git\cmd;C:\Program Files\Geth;C:\Users\Joseph\.cargo\bin;C:\Users\Joseph\AppData\Local\Programs\Python\Python36-32\Scripts\;C:\Users\Joseph\AppData\Local\Programs\Python\Python36-32\;C:\Users\Joseph\AppData\Local\Microsoft\WindowsApps;C:\Users\Joseph\AppData\Roaming\npm;C:\Users\Joseph\AppData\Local\Microsoft\WindowsApps;C:\Users\Joseph\AppData\Local\atom\bin;C:\Users\Joseph\AppData\Local\.meteor;;C:\Program Files\Microsoft VS Code\bin

Yarn version: 
  1.3.2

Node version: 
  8.9.1

Platform: 
  win32 x64

npm manifest: 
  {
      "name": "Blockchain_App",
      "version": "1.0.0",
      "main": "app.js",
      "license": "MIT",
      "scripts": {
          "start": "node app.js",
      }
  
  }

yarn manifest: 
  No manifest

Lockfile: 
  No lockfile

Trace: 
  SyntaxError: C:\Dev\app\package.json: Unexpected token } in JSON at position 153
      at JSON.parse (<anonymous>)
      at C:\Users\Joseph\AppData\Roaming\npm\node_modules\yarn\lib\cli.js:770:59
      at Generator.next (<anonymous>)
      at step (C:\Users\Joseph\AppData\Roaming\npm\node_modules\yarn\lib\cli.js:92:30)
      at C:\Users\Joseph\AppData\Roaming\npm\node_modules\yarn\lib\cli.js:103:13
      at <anonymous>
